Looking for git in: git
Using git 2.7.4 from git
> git rev-parse --show-toplevel
> git rev-parse --git-dir
Open repository: /headless/WASEDA-DARTSim
> git status -z -u
> git symbolic-ref --short HEAD
fatal: ref HEAD is not a symbolic ref
> git rev-parse HEAD
> git for-each-ref --format %(refname) %(objectname) --sort -committerdate
> git remote --verbose
> git config --get commit.template
> git check-ignore -v -z --stdin
> git check-ignore -v -z --stdin
> git check-ignore -v -z --stdin
> git check-ignore -v -z --stdin
> git show :src/dartsimlib/SimulatorImpl.cpp
> git status -z -u
> git symbolic-ref --short HEAD
fatal: ref HEAD is not a symbolic ref
> git rev-parse HEAD
> git for-each-ref --format %(refname) %(objectname) --sort -committerdate
> git remote --verbose
> git config --get commit.template
